<?xml version="1.0" encoding="UTF-8"?>
<coverage generated="1551281878698" clover="3.2.0">
  <project timestamp="1551281878698" name="All files">
    <metrics statements="9" coveredstatements="8" conditionals="1" coveredconditionals="0" methods="6" coveredmethods="5" elements="16" coveredelements="13" complexity="0" loc="9" ncloc="9" packages="1" files="1" classes="1"/>
    <file name="App.js" path="/Users/iguana/dev/react_native_method_test/App.js">
      <metrics statements="9" coveredstatements="8" conditionals="1" coveredconditionals="0" methods="6" coveredmethods="5"/>
      <line num="14" count="5" type="stmt"/>
      <line num="15" count="5" type="stmt"/>
      <line num="19" count="1" type="stmt"/>
      <line num="23" count="0" type="stmt"/>
      <line num="27" count="12" type="stmt"/>
      <line num="28" count="12" type="stmt"/>
      <line num="32" count="1" type="stmt"/>
      <line num="39" count="1" type="stmt"/>
      <line num="57" count="1" type="stmt"/>
    </file>
  </project>
</coverage>
