{"/Users/iguana/dev/react_native_method_test/App.js": {"path":"/Users/iguana/dev/react_native_method_test/App.js","statementMap":{"0":{"start":{"line":14,"column":20},"end":{"line":14,"column":47}},"1":{"start":{"line":15,"column":4},"end":{"line":15,"column":30}},"2":{"start":{"line":19,"column":4},"end":{"line":19,"column":33}},"3":{"start":{"line":23,"column":24},"end":{"line":23,"column":34}},"4":{"start":{"line":24,"column":4},"end":{"line":49,"column":5}},"5":{"start":{"line":28,"column":26},"end":{"line":28,"column":50}},"6":{"start":{"line":35,"column":26},"end":{"line":35,"column":50}},"7":{"start":{"line":53,"column":15},"end":{"line":65,"column":1}}},"fnMap":{"0":{"name":"(anonymous_0)","decl":{"start":{"line":13,"column":21},"end":{"line":13,"column":22}},"loc":{"start":{"line":13,"column":31},"end":{"line":16,"column":3}},"line":13},"1":{"name":"(anonymous_1)","decl":{"start":{"line":18,"column":17},"end":{"line":18,"column":18}},"loc":{"start":{"line":18,"column":23},"end":{"line":20,"column":3}},"line":18},"2":{"name":"(anonymous_2)","decl":{"start":{"line":22,"column":2},"end":{"line":22,"column":3}},"loc":{"start":{"line":22,"column":11},"end":{"line":50,"column":3}},"line":22},"3":{"name":"(anonymous_3)","decl":{"start":{"line":28,"column":20},"end":{"line":28,"column":21}},"loc":{"start":{"line":28,"column":26},"end":{"line":28,"column":50}},"line":28},"4":{"name":"(anonymous_4)","decl":{"start":{"line":35,"column":20},"end":{"line":35,"column":21}},"loc":{"start":{"line":35,"column":26},"end":{"line":35,"column":50}},"line":35}},"branchMap":{},"s":{"0":5,"1":5,"2":1,"3":12,"4":12,"5":1,"6":1,"7":1},"f":{"0":5,"1":1,"2":12,"3":1,"4":1},"b":{},"_coverageSchema":"43e27e138ebf9cfc5966b082cf9a028302ed4184","hash":"7953460847f0e283cab0523bdd642fdb798f2121"}
}
