{"/Users/iguana/dev/react_native_method_test/App.js": {"path":"/Users/iguana/dev/react_native_method_test/App.js","statementMap":{"0":{"start":{"line":14,"column":20},"end":{"line":14,"column":47}},"1":{"start":{"line":15,"column":4},"end":{"line":15,"column":30}},"2":{"start":{"line":19,"column":4},"end":{"line":19,"column":33}},"3":{"start":{"line":23,"column":4},"end":{"line":23,"column":18}},"4":{"start":{"line":27,"column":24},"end":{"line":27,"column":34}},"5":{"start":{"line":28,"column":4},"end":{"line":53,"column":5}},"6":{"start":{"line":32,"column":26},"end":{"line":32,"column":50}},"7":{"start":{"line":39,"column":26},"end":{"line":39,"column":50}},"8":{"start":{"line":57,"column":15},"end":{"line":69,"column":1}}},"fnMap":{"0":{"name":"(anonymous_0)","decl":{"start":{"line":13,"column":21},"end":{"line":13,"column":22}},"loc":{"start":{"line":13,"column":31},"end":{"line":16,"column":3}},"line":13},"1":{"name":"(anonymous_1)","decl":{"start":{"line":18,"column":17},"end":{"line":18,"column":18}},"loc":{"start":{"line":18,"column":23},"end":{"line":20,"column":3}},"line":18},"2":{"name":"(anonymous_2)","decl":{"start":{"line":22,"column":31},"end":{"line":22,"column":32}},"loc":{"start":{"line":22,"column":69},"end":{"line":24,"column":3}},"line":22},"3":{"name":"(anonymous_3)","decl":{"start":{"line":26,"column":2},"end":{"line":26,"column":3}},"loc":{"start":{"line":26,"column":11},"end":{"line":54,"column":3}},"line":26},"4":{"name":"(anonymous_4)","decl":{"start":{"line":32,"column":20},"end":{"line":32,"column":21}},"loc":{"start":{"line":32,"column":26},"end":{"line":32,"column":50}},"line":32},"5":{"name":"(anonymous_5)","decl":{"start":{"line":39,"column":20},"end":{"line":39,"column":21}},"loc":{"start":{"line":39,"column":26},"end":{"line":39,"column":50}},"line":39}},"branchMap":{"0":{"loc":{"start":{"line":22,"column":32},"end":{"line":22,"column":64}},"type":"default-arg","locations":[{"start":{"line":22,"column":42},"end":{"line":22,"column":64}}],"line":22}},"s":{"0":5,"1":5,"2":1,"3":0,"4":12,"5":12,"6":1,"7":1,"8":1},"f":{"0":5,"1":1,"2":0,"3":12,"4":1,"5":1},"b":{"0":[0]},"_coverageSchema":"43e27e138ebf9cfc5966b082cf9a028302ed4184","hash":"6c9cbd796afb24a67b2d7babadb02112b219ffd8"}
}
